build/app/intermediates/manifest_merge_blame_file/release/manifest-merger-blame-release-report.txt
1<?xml version="1.0" encoding="utf-8"?>
2<manifest xmlns:android="http://schemas.android.com/apk/res/android"
3    package="com.example.cabinet_helper"
4    android:versionCode="1"
5    android:versionName="1.0.0" >
6
7    <uses-sdk
8        android:minSdkVersion="21"
8-->src/main/AndroidManifest.xml
9        android:targetSdkVersion="30" />
9-->src/main/AndroidManifest.xml
10
11    <uses-permission android:name="android.permission.BLUETOOTH" />
11-->src/main/AndroidManifest.xml:32:5-68
11-->src/main/AndroidManifest.xml:32:22-65
12    <uses-permission android:name="android.permission.BLUETOOTH_ADMIN" />
12-->src/main/AndroidManifest.xml:33:5-74
12-->src/main/AndroidManifest.xml:33:22-71
13    <uses-permission android:name="android.permission.ACCESS_COARSE_LOCATION" />
13-->src/main/AndroidManifest.xml:34:5-80
13-->src/main/AndroidManifest.xml:34:22-78
14    <uses-permission android:name="android.permission.ACCESS_FINE_LOCATION" />
14-->[:flutter_blue] AndroidManifest.xml:9:5-79
14-->[:flutter_blue] AndroidManifest.xml:9:22-76
15
16    <application
16-->src/main/AndroidManifest.xml:3:4-31:19
17        android:appComponentFactory="androidx.core.app.CoreComponentFactory"
17-->[androidx.core:core:1.1.0] AndroidManifest.xml:24:18-86
18        android:icon="@mipmap/cabinet_helper"
18-->src/main/AndroidManifest.xml:5:9-46
19        android:label="Cabinet Helper" >
19-->src/main/AndroidManifest.xml:4:9-39
20        <activity
20-->src/main/AndroidManifest.xml:6:9-25:20
21            android:name="com.example.cabinet_helper.MainActivity"
21-->src/main/AndroidManifest.xml:7:13-41
22            android:configChanges="orientation|keyboardHidden|keyboard|screenSize|smallestScreenSize|locale|layoutDirection|fontScale|screenLayout|density|uiMode"
22-->src/main/AndroidManifest.xml:10:13-163
23            android:hardwareAccelerated="true"
23-->src/main/AndroidManifest.xml:11:13-47
24            android:launchMode="singleTop"
24-->src/main/AndroidManifest.xml:8:13-43
25            android:theme="@style/LaunchTheme"
25-->src/main/AndroidManifest.xml:9:13-47
26            android:windowSoftInputMode="adjustResize" >
26-->src/main/AndroidManifest.xml:12:13-55
27
28            <!--
29                 Specifies an Android theme to apply to this Activity as soon as
30                 the Android process has started. This theme is visible to the user
31                 while the Flutter UI initializes. After that, this theme continues
32                 to determine the Window background behind the Flutter UI.
33            -->
34            <meta-data
34-->src/main/AndroidManifest.xml:17:13-20:17
35                android:name="io.flutter.embedding.android.NormalTheme"
35-->src/main/AndroidManifest.xml:18:15-70
36                android:resource="@style/NormalTheme" />
36-->src/main/AndroidManifest.xml:19:15-52
37
38            <intent-filter>
38-->src/main/AndroidManifest.xml:21:13-24:29
39                <action android:name="android.intent.action.MAIN" />
39-->src/main/AndroidManifest.xml:22:17-68
39-->src/main/AndroidManifest.xml:22:25-66
40
41                <category android:name="android.intent.category.LAUNCHER" />
41-->src/main/AndroidManifest.xml:23:17-76
41-->src/main/AndroidManifest.xml:23:27-74
42            </intent-filter>
43        </activity>
44        <!--
45             Don't delete the meta-data below.
46             This is used by the Flutter tool to generate GeneratedPluginRegistrant.java
47        -->
48        <meta-data
48-->src/main/AndroidManifest.xml:28:9-30:33
49            android:name="flutterEmbedding"
49-->src/main/AndroidManifest.xml:29:13-44
50            android:value="2" />
50-->src/main/AndroidManifest.xml:30:13-30
51    </application>
52
53</manifest>